Performing C++ SOURCE FILE Test CMAKE_HAVE_LIBC_PTHREAD failed with the following output:
Change Dir: /home/hsdadi/PycharmProjects/gpuRIR/CMakeFiles/CMakeTmp

Run Build Command(s):/usr/bin/gmake -f Makefile cmTC_4041a/fast && /usr/bin/gmake  -f CMakeFiles/cmTC_4041a.dir/build.make CMakeFiles/cmTC_4041a.dir/build
gmake[1]: Entering directory '/home/hsdadi/PycharmProjects/gpuRIR/CMakeFiles/CMakeTmp'
Building CXX object CMakeFiles/cmTC_4041a.dir/src.cxx.o
/usr/bin/c++ -DCMAKE_HAVE_LIBC_PTHREAD   -o CMakeFiles/cmTC_4041a.dir/src.cxx.o -c /home/hsdadi/PycharmProjects/gpuRIR/CMakeFiles/CMakeTmp/src.cxx
Linking CXX executable cmTC_4041a
/opt/lintula/worktmp/software/anaconda3/envs/at_env/lib/python3.9/site-packages/cmake/data/bin/cmake -E cmake_link_script CMakeFiles/cmTC_4041a.dir/link.txt --verbose=1
/usr/bin/c++ CMakeFiles/cmTC_4041a.dir/src.cxx.o -o cmTC_4041a 
CMakeFiles/cmTC_4041a.dir/src.cxx.o: In function `main':
src.cxx:(.text+0x2d): undefined reference to `pthread_create'
src.cxx:(.text+0x39): undefined reference to `pthread_detach'
src.cxx:(.text+0x45): undefined reference to `pthread_cancel'
src.cxx:(.text+0x56): undefined reference to `pthread_join'
collect2: error: ld returned 1 exit status
gmake[1]: *** [CMakeFiles/cmTC_4041a.dir/build.make:99: cmTC_4041a] Error 1
gmake[1]: Leaving directory '/home/hsdadi/PycharmProjects/gpuRIR/CMakeFiles/CMakeTmp'
gmake: *** [Makefile:127: cmTC_4041a/fast] Error 2


Source file was:
#include <pthread.h>

static void* test_func(void* data)
{
  return data;
}

int main(void)
{
  pthread_t thread;
  pthread_create(&thread, NULL, test_func, NULL);
  pthread_detach(thread);
  pthread_cancel(thread);
  pthread_join(thread, NULL);
  pthread_atfork(NULL, NULL, NULL);
  pthread_exit(NULL);

  return 0;
}

Determining if the function pthread_create exists in the pthreads failed with the following output:
Change Dir: /home/hsdadi/PycharmProjects/gpuRIR/CMakeFiles/CMakeTmp

Run Build Command(s):/usr/bin/gmake -f Makefile cmTC_f723b/fast && /usr/bin/gmake  -f CMakeFiles/cmTC_f723b.dir/build.make CMakeFiles/cmTC_f723b.dir/build
gmake[1]: Entering directory '/home/hsdadi/PycharmProjects/gpuRIR/CMakeFiles/CMakeTmp'
Building CXX object CMakeFiles/cmTC_f723b.dir/CheckFunctionExists.cxx.o
/usr/bin/c++   -DCHECK_FUNCTION_EXISTS=pthread_create -o CMakeFiles/cmTC_f723b.dir/CheckFunctionExists.cxx.o -c /home/hsdadi/PycharmProjects/gpuRIR/CMakeFiles/CheckLibraryExists/CheckFunctionExists.cxx
Linking CXX executable cmTC_f723b
/opt/lintula/worktmp/software/anaconda3/envs/at_env/lib/python3.9/site-packages/cmake/data/bin/cmake -E cmake_link_script CMakeFiles/cmTC_f723b.dir/link.txt --verbose=1
/usr/bin/c++  -DCHECK_FUNCTION_EXISTS=pthread_create CMakeFiles/cmTC_f723b.dir/CheckFunctionExists.cxx.o -o cmTC_f723b  -lpthreads 
/usr/bin/ld: cannot find -lpthreads
collect2: error: ld returned 1 exit status
gmake[1]: *** [CMakeFiles/cmTC_f723b.dir/build.make:99: cmTC_f723b] Error 1
gmake[1]: Leaving directory '/home/hsdadi/PycharmProjects/gpuRIR/CMakeFiles/CMakeTmp'
gmake: *** [Makefile:127: cmTC_f723b/fast] Error 2



